::1 - - [19/Jul/2017:01:32:47 +0000] "GET / HTTP/1.1" 200 170 "-" "Mozilla/5.0 (Windows NT 10.0; Win64; x64) AppleWebKit/537.36 (KHTML, like Gecko) Chrome/59.0.3071.115 Safari/537.36"
::1 - - [19/Jul/2017:01:32:47 +0000] "GET /favicon.ico HTTP/1.1" 404 875 "http://localhost:3000/" "Mozilla/5.0 (Windows NT 10.0; Win64; x64) AppleWebKit/537.36 (KHTML, like Gecko) Chrome/59.0.3071.115 Safari/537.36"
::1 - - [19/Jul/2017:01:33:01 +0000] "GET / HTTP/1.1" 304 - "-" "Mozilla/5.0 (Windows NT 10.0; Win64; x64) AppleWebKit/537.36 (KHTML, like Gecko) Chrome/59.0.3071.115 Safari/537.36"
::1 - - [19/Jul/2017:01:33:02 +0000] "GET / HTTP/1.1" 304 - "-" "Mozilla/5.0 (Windows NT 10.0; Win64; x64) AppleWebKit/537.36 (KHTML, like Gecko) Chrome/59.0.3071.115 Safari/537.36"
::1 - - [19/Jul/2017:01:36:39 +0000] "POST /admin HTTP/1.1" 200 4 "http://localhost:3000/admin.html" "Mozilla/5.0 (Windows NT 10.0; Win64; x64) AppleWebKit/537.36 (KHTML, like Gecko) Chrome/59.0.3071.115 Safari/537.36"
::1 - - [19/Jul/2017:01:36:55 +0000] "GET / HTTP/1.1" 304 - "-" "Mozilla/5.0 (Windows NT 10.0; Win64; x64) AppleWebKit/537.36 (KHTML, like Gecko) Chrome/59.0.3071.115 Safari/537.36"
::1 - - [19/Jul/2017:01:37:18 +0000] "GET /allArtical?limit=5 HTTP/1.1" 304 - "http://localhost:8000/blog" "Mozilla/5.0 (Windows NT 10.0; Win64; x64) AppleWebKit/537.36 (KHTML, like Gecko) Chrome/59.0.3071.115 Safari/537.36"
::1 - - [19/Jul/2017:02:11:18 +0000] "GET /allArtical?limit=5 HTTP/1.1" 304 - "http://localhost:8000/blog" "Mozilla/5.0 (Windows NT 10.0; Win64; x64) AppleWebKit/537.36 (KHTML, like Gecko) Chrome/59.0.3071.115 Safari/537.36"
::1 - - [19/Jul/2017:02:16:47 +0000] "GET /allArtical?limit=5 HTTP/1.1" 304 - "http://localhost:8000/blog" "Mozilla/5.0 (Windows NT 10.0; Win64; x64) AppleWebKit/537.36 (KHTML, like Gecko) Chrome/59.0.3071.115 Safari/537.36"
::1 - - [19/Jul/2017:02:16:57 +0000] "GET /allArtical?limit=5 HTTP/1.1" 304 - "http://localhost:8000/blog" "Mozilla/5.0 (Windows NT 10.0; Win64; x64) AppleWebKit/537.36 (KHTML, like Gecko) Chrome/59.0.3071.115 Safari/537.36"
::1 - - [19/Jul/2017:02:26:21 +0000] "GET /allArtical HTTP/1.1" 200 2 "http://localhost:8000/blog/allArtical" "Mozilla/5.0 (Windows NT 10.0; Win64; x64) AppleWebKit/537.36 (KHTML, like Gecko) Chrome/59.0.3071.115 Safari/537.36"
::1 - - [19/Jul/2017:02:27:04 +0000] "GET /allArtical HTTP/1.1" 304 - "http://localhost:8000/blog/allArtical" "Mozilla/5.0 (Windows NT 10.0; Win64; x64) AppleWebKit/537.36 (KHTML, like Gecko) Chrome/59.0.3071.115 Safari/537.36"
::1 - - [19/Jul/2017:02:36:00 +0000] "GET /allArtical HTTP/1.1" 304 - "http://localhost:8000/blog/allArtical" "Mozilla/5.0 (Windows NT 10.0; Win64; x64) AppleWebKit/537.36 (KHTML, like Gecko) Chrome/59.0.3071.115 Safari/537.36"
::1 - - [19/Jul/2017:02:36:35 +0000] "GET /allArtical HTTP/1.1" 200 364 "http://localhost:8000/blog/allArtical" "Mozilla/5.0 (Windows NT 10.0; Win64; x64) AppleWebKit/537.36 (KHTML, like Gecko) Chrome/59.0.3071.115 Safari/537.36"
::1 - - [19/Jul/2017:02:36:40 +0000] "GET /allArtical?limit=5 HTTP/1.1" 304 - "http://localhost:8000/blog" "Mozilla/5.0 (Windows NT 10.0; Win64; x64) AppleWebKit/537.36 (KHTML, like Gecko) Chrome/59.0.3071.115 Safari/537.36"
::1 - - [19/Jul/2017:02:36:44 +0000] "GET /allArtical HTTP/1.1" 304 - "http://localhost:8000/blog/allArtical" "Mozilla/5.0 (Windows NT 10.0; Win64; x64) AppleWebKit/537.36 (KHTML, like Gecko) Chrome/59.0.3071.115 Safari/537.36"
::1 - - [19/Jul/2017:02:37:10 +0000] "GET /allArtical HTTP/1.1" 304 - "http://localhost:8000/blog/allArtical" "Mozilla/5.0 (Windows NT 10.0; Win64; x64) AppleWebKit/537.36 (KHTML, like Gecko) Chrome/59.0.3071.115 Safari/537.36"
::1 - - [19/Jul/2017:02:37:13 +0000] "GET /allArtical HTTP/1.1" 304 - "http://localhost:8000/blog/allArtical" "Mozilla/5.0 (Windows NT 10.0; Win64; x64) AppleWebKit/537.36 (KHTML, like Gecko) Chrome/59.0.3071.115 Safari/537.36"
::1 - - [19/Jul/2017:02:37:25 +0000] "GET /allArtical?limit=5 HTTP/1.1" 304 - "http://localhost:8000/blog" "Mozilla/5.0 (Windows NT 10.0; Win64; x64) AppleWebKit/537.36 (KHTML, like Gecko) Chrome/59.0.3071.115 Safari/537.36"
::1 - - [19/Jul/2017:02:37:29 +0000] "GET /allArtical HTTP/1.1" 304 - "http://localhost:8000/blog/allArtical" "Mozilla/5.0 (Windows NT 10.0; Win64; x64) AppleWebKit/537.36 (KHTML, like Gecko) Chrome/59.0.3071.115 Safari/537.36"
::1 - - [19/Jul/2017:02:37:33 +0000] "GET /allArtical HTTP/1.1" 304 - "http://localhost:8000/blog/allArtical" "Mozilla/5.0 (Windows NT 10.0; Win64; x64) AppleWebKit/537.36 (KHTML, like Gecko) Chrome/59.0.3071.115 Safari/537.36"
::1 - - [19/Jul/2017:02:46:54 +0000] "GET /allArtical HTTP/1.1" 304 - "http://localhost:8000/blog/allArtical" "Mozilla/5.0 (Windows NT 10.0; Win64; x64) AppleWebKit/537.36 (KHTML, like Gecko) Chrome/59.0.3071.115 Safari/537.36"
::1 - - [19/Jul/2017:03:01:16 +0000] "GET /allArtical HTTP/1.1" 304 - "http://localhost:8000/blog/allArtical" "Mozilla/5.0 (Windows NT 10.0; Win64; x64) AppleWebKit/537.36 (KHTML, like Gecko) Chrome/59.0.3071.115 Safari/537.36"
::1 - - [19/Jul/2017:03:07:44 +0000] "GET /allArtical HTTP/1.1" 304 - "http://localhost:8000/blog/allArtical" "Mozilla/5.0 (Windows NT 10.0; Win64; x64) AppleWebKit/537.36 (KHTML, like Gecko) Chrome/59.0.3071.115 Safari/537.36"
::1 - - [19/Jul/2017:03:10:04 +0000] "GET /allArtical HTTP/1.1" 304 - "http://localhost:8000/blog/allArtical" "Mozilla/5.0 (Windows NT 10.0; Win64; x64) AppleWebKit/537.36 (KHTML, like Gecko) Chrome/59.0.3071.115 Safari/537.36"
::1 - - [19/Jul/2017:03:10:19 +0000] "GET /allArtical?type=all HTTP/1.1" 200 364 "http://localhost:8000/blog/allArtical" "Mozilla/5.0 (Windows NT 10.0; Win64; x64) AppleWebKit/537.36 (KHTML, like Gecko) Chrome/59.0.3071.115 Safari/537.36"
::1 - - [19/Jul/2017:03:10:53 +0000] "GET /allArtical?type=js HTTP/1.1" 200 364 "http://localhost:8000/blog/allArtical" "Mozilla/5.0 (Windows NT 10.0; Win64; x64) AppleWebKit/537.36 (KHTML, like Gecko) Chrome/59.0.3071.115 Safari/537.36"
::1 - - [19/Jul/2017:03:11:01 +0000] "GET /allArtical?type=css HTTP/1.1" 200 364 "http://localhost:8000/blog/allArtical" "Mozilla/5.0 (Windows NT 10.0; Win64; x64) AppleWebKit/537.36 (KHTML, like Gecko) Chrome/59.0.3071.115 Safari/537.36"
::1 - - [19/Jul/2017:03:11:04 +0000] "GET /allArtical HTTP/1.1" 304 - "http://localhost:8000/blog/allArtical" "Mozilla/5.0 (Windows NT 10.0; Win64; x64) AppleWebKit/537.36 (KHTML, like Gecko) Chrome/59.0.3071.115 Safari/537.36"
::1 - - [19/Jul/2017:03:11:14 +0000] "GET /allArtical?type=all HTTP/1.1" 304 - "http://localhost:8000/blog/allArtical" "Mozilla/5.0 (Windows NT 10.0; Win64; x64) AppleWebKit/537.36 (KHTML, like Gecko) Chrome/59.0.3071.115 Safari/537.36"
::1 - - [19/Jul/2017:05:29:55 +0000] "GET /allArtical HTTP/1.1" 304 - "http://localhost:8000/blog/allArtical" "Mozilla/5.0 (Windows NT 10.0; Win64; x64) AppleWebKit/537.36 (KHTML, like Gecko) Chrome/59.0.3071.115 Safari/537.36"
::1 - - [19/Jul/2017:05:29:58 +0000] "GET /allArtical?type=all HTTP/1.1" 304 - "http://localhost:8000/blog/allArtical" "Mozilla/5.0 (Windows NT 10.0; Win64; x64) AppleWebKit/537.36 (KHTML, like Gecko) Chrome/59.0.3071.115 Safari/537.36"
::1 - - [19/Jul/2017:05:30:04 +0000] "GET /allArtical?type=js HTTP/1.1" 304 - "http://localhost:8000/blog/allArtical" "Mozilla/5.0 (Windows NT 10.0; Win64; x64) AppleWebKit/537.36 (KHTML, like Gecko) Chrome/59.0.3071.115 Safari/537.36"
::1 - - [19/Jul/2017:05:30:08 +0000] "GET /allArtical?type=css HTTP/1.1" 304 - "http://localhost:8000/blog/allArtical" "Mozilla/5.0 (Windows NT 10.0; Win64; x64) AppleWebKit/537.36 (KHTML, like Gecko) Chrome/59.0.3071.115 Safari/537.36"
::1 - - [19/Jul/2017:05:30:09 +0000] "GET /allArtical?type=css HTTP/1.1" 304 - "http://localhost:8000/blog/allArtical" "Mozilla/5.0 (Windows NT 10.0; Win64; x64) AppleWebKit/537.36 (KHTML, like Gecko) Chrome/59.0.3071.115 Safari/537.36"
::1 - - [19/Jul/2017:05:30:12 +0000] "GET /allArtical?type=html HTTP/1.1" 200 364 "http://localhost:8000/blog/allArtical" "Mozilla/5.0 (Windows NT 10.0; Win64; x64) AppleWebKit/537.36 (KHTML, like Gecko) Chrome/59.0.3071.115 Safari/537.36"
::1 - - [19/Jul/2017:05:30:17 +0000] "GET /allArtical?type=html HTTP/1.1" 304 - "http://localhost:8000/blog/allArtical" "Mozilla/5.0 (Windows NT 10.0; Win64; x64) AppleWebKit/537.36 (KHTML, like Gecko) Chrome/59.0.3071.115 Safari/537.36"
::1 - - [19/Jul/2017:05:30:19 +0000] "GET /allArtical?type=html HTTP/1.1" 304 - "http://localhost:8000/blog/allArtical" "Mozilla/5.0 (Windows NT 10.0; Win64; x64) AppleWebKit/537.36 (KHTML, like Gecko) Chrome/59.0.3071.115 Safari/537.36"
::1 - - [19/Jul/2017:05:30:25 +0000] "GET /allArtical?type=css HTTP/1.1" 304 - "http://localhost:8000/blog/allArtical" "Mozilla/5.0 (Windows NT 10.0; Win64; x64) AppleWebKit/537.36 (KHTML, like Gecko) Chrome/59.0.3071.115 Safari/537.36"
::1 - - [19/Jul/2017:05:30:28 +0000] "GET /allArtical?type=css HTTP/1.1" 304 - "http://localhost:8000/blog/allArtical" "Mozilla/5.0 (Windows NT 10.0; Win64; x64) AppleWebKit/537.36 (KHTML, like Gecko) Chrome/59.0.3071.115 Safari/537.36"
::1 - - [19/Jul/2017:05:31:11 +0000] "GET /allArtical HTTP/1.1" 304 - "http://localhost:8000/blog/allArtical" "Mozilla/5.0 (Windows NT 10.0; Win64; x64) AppleWebKit/537.36 (KHTML, like Gecko) Chrome/59.0.3071.115 Safari/537.36"
::1 - - [19/Jul/2017:05:31:15 +0000] "GET /allArtical?type=all HTTP/1.1" 304 - "http://localhost:8000/blog/allArtical" "Mozilla/5.0 (Windows NT 10.0; Win64; x64) AppleWebKit/537.36 (KHTML, like Gecko) Chrome/59.0.3071.115 Safari/537.36"
::1 - - [19/Jul/2017:05:31:17 +0000] "GET /allArtical?type=js HTTP/1.1" 304 - "http://localhost:8000/blog/allArtical" "Mozilla/5.0 (Windows NT 10.0; Win64; x64) AppleWebKit/537.36 (KHTML, like Gecko) Chrome/59.0.3071.115 Safari/537.36"
::1 - - [19/Jul/2017:05:31:19 +0000] "GET /allArtical?type=css HTTP/1.1" 304 - "http://localhost:8000/blog/allArtical" "Mozilla/5.0 (Windows NT 10.0; Win64; x64) AppleWebKit/537.36 (KHTML, like Gecko) Chrome/59.0.3071.115 Safari/537.36"
::1 - - [19/Jul/2017:05:32:59 +0000] "GET /allArtical HTTP/1.1" 304 - "http://localhost:8000/blog/allArtical" "Mozilla/5.0 (Windows NT 10.0; Win64; x64) AppleWebKit/537.36 (KHTML, like Gecko) Chrome/59.0.3071.115 Safari/537.36"
::1 - - [19/Jul/2017:05:33:01 +0000] "GET /allArtical?type=all HTTP/1.1" 304 - "http://localhost:8000/blog/allArtical" "Mozilla/5.0 (Windows NT 10.0; Win64; x64) AppleWebKit/537.36 (KHTML, like Gecko) Chrome/59.0.3071.115 Safari/537.36"
::1 - - [19/Jul/2017:05:33:02 +0000] "GET /allArtical?type=js HTTP/1.1" 304 - "http://localhost:8000/blog/allArtical" "Mozilla/5.0 (Windows NT 10.0; Win64; x64) AppleWebKit/537.36 (KHTML, like Gecko) Chrome/59.0.3071.115 Safari/537.36"
::1 - - [19/Jul/2017:05:33:03 +0000] "GET /allArtical?type=css HTTP/1.1" 304 - "http://localhost:8000/blog/allArtical" "Mozilla/5.0 (Windows NT 10.0; Win64; x64) AppleWebKit/537.36 (KHTML, like Gecko) Chrome/59.0.3071.115 Safari/537.36"
::1 - - [19/Jul/2017:05:33:40 +0000] "GET /allArtical?type=html HTTP/1.1" 304 - "http://localhost:8000/blog/allArtical" "Mozilla/5.0 (Windows NT 10.0; Win64; x64) AppleWebKit/537.36 (KHTML, like Gecko) Chrome/59.0.3071.115 Safari/537.36"
::1 - - [19/Jul/2017:05:33:43 +0000] "GET /allArtical?type=js HTTP/1.1" 304 - "http://localhost:8000/blog/allArtical" "Mozilla/5.0 (Windows NT 10.0; Win64; x64) AppleWebKit/537.36 (KHTML, like Gecko) Chrome/59.0.3071.115 Safari/537.36"
::1 - - [19/Jul/2017:05:33:46 +0000] "GET /allArtical?type=css HTTP/1.1" 304 - "http://localhost:8000/blog/allArtical" "Mozilla/5.0 (Windows NT 10.0; Win64; x64) AppleWebKit/537.36 (KHTML, like Gecko) Chrome/59.0.3071.115 Safari/537.36"
::1 - - [19/Jul/2017:05:33:47 +0000] "GET /allArtical?type=html HTTP/1.1" 304 - "http://localhost:8000/blog/allArtical" "Mozilla/5.0 (Windows NT 10.0; Win64; x64) AppleWebKit/537.36 (KHTML, like Gecko) Chrome/59.0.3071.115 Safari/537.36"
::1 - - [19/Jul/2017:05:33:50 +0000] "GET /allArtical?type=js HTTP/1.1" 304 - "http://localhost:8000/blog/allArtical" "Mozilla/5.0 (Windows NT 10.0; Win64; x64) AppleWebKit/537.36 (KHTML, like Gecko) Chrome/59.0.3071.115 Safari/537.36"
::1 - - [19/Jul/2017:05:33:52 +0000] "GET /allArtical?type=css HTTP/1.1" 304 - "http://localhost:8000/blog/allArtical" "Mozilla/5.0 (Windows NT 10.0; Win64; x64) AppleWebKit/537.36 (KHTML, like Gecko) Chrome/59.0.3071.115 Safari/537.36"
::1 - - [19/Jul/2017:05:35:51 +0000] "GET /allArtical?type=html HTTP/1.1" 304 - "http://localhost:8000/blog/allArtical" "Mozilla/5.0 (Windows NT 10.0; Win64; x64) AppleWebKit/537.36 (KHTML, like Gecko) Chrome/59.0.3071.115 Safari/537.36"
::1 - - [19/Jul/2017:05:35:52 +0000] "GET /allArtical?type=js HTTP/1.1" 304 - "http://localhost:8000/blog/allArtical" "Mozilla/5.0 (Windows NT 10.0; Win64; x64) AppleWebKit/537.36 (KHTML, like Gecko) Chrome/59.0.3071.115 Safari/537.36"
::1 - - [19/Jul/2017:05:35:52 +0000] "GET /allArtical?type=css HTTP/1.1" 304 - "http://localhost:8000/blog/allArtical" "Mozilla/5.0 (Windows NT 10.0; Win64; x64) AppleWebKit/537.36 (KHTML, like Gecko) Chrome/59.0.3071.115 Safari/537.36"
::1 - - [19/Jul/2017:05:36:41 +0000] "GET /allArtical?type=html HTTP/1.1" 304 - "http://localhost:8000/blog/allArtical" "Mozilla/5.0 (Windows NT 10.0; Win64; x64) AppleWebKit/537.36 (KHTML, like Gecko) Chrome/59.0.3071.115 Safari/537.36"
::1 - - [19/Jul/2017:05:36:42 +0000] "GET /allArtical?type=js HTTP/1.1" 304 - "http://localhost:8000/blog/allArtical" "Mozilla/5.0 (Windows NT 10.0; Win64; x64) AppleWebKit/537.36 (KHTML, like Gecko) Chrome/59.0.3071.115 Safari/537.36"
::1 - - [19/Jul/2017:05:36:44 +0000] "GET /allArtical?type=css HTTP/1.1" 304 - "http://localhost:8000/blog/allArtical" "Mozilla/5.0 (Windows NT 10.0; Win64; x64) AppleWebKit/537.36 (KHTML, like Gecko) Chrome/59.0.3071.115 Safari/537.36"
::1 - - [19/Jul/2017:05:36:49 +0000] "GET /allArtical?type=js HTTP/1.1" 304 - "http://localhost:8000/blog/allArtical" "Mozilla/5.0 (Windows NT 10.0; Win64; x64) AppleWebKit/537.36 (KHTML, like Gecko) Chrome/59.0.3071.115 Safari/537.36"
::1 - - [19/Jul/2017:05:36:51 +0000] "GET /allArtical?type=js HTTP/1.1" 304 - "http://localhost:8000/blog/allArtical" "Mozilla/5.0 (Windows NT 10.0; Win64; x64) AppleWebKit/537.36 (KHTML, like Gecko) Chrome/59.0.3071.115 Safari/537.36"
::1 - - [19/Jul/2017:05:36:53 +0000] "GET /allArtical?type=css HTTP/1.1" 304 - "http://localhost:8000/blog/allArtical" "Mozilla/5.0 (Windows NT 10.0; Win64; x64) AppleWebKit/537.36 (KHTML, like Gecko) Chrome/59.0.3071.115 Safari/537.36"
::1 - - [19/Jul/2017:05:38:08 +0000] "GET /allArtical HTTP/1.1" 304 - "http://localhost:8000/blog/allArtical" "Mozilla/5.0 (Windows NT 10.0; Win64; x64) AppleWebKit/537.36 (KHTML, like Gecko) Chrome/59.0.3071.115 Safari/537.36"
::1 - - [19/Jul/2017:05:38:16 +0000] "GET /allArtical HTTP/1.1" 304 - "http://localhost:8000/blog/allArtical" "Mozilla/5.0 (Windows NT 10.0; Win64; x64) AppleWebKit/537.36 (KHTML, like Gecko) Chrome/59.0.3071.115 Safari/537.36"
::1 - - [19/Jul/2017:05:42:41 +0000] "GET /allArtical HTTP/1.1" 304 - "http://localhost:8000/blog/allArtical" "Mozilla/5.0 (Windows NT 10.0; Win64; x64) AppleWebKit/537.36 (KHTML, like Gecko) Chrome/59.0.3071.115 Safari/537.36"
::1 - - [19/Jul/2017:05:42:47 +0000] "GET /allArtical?type=js HTTP/1.1" 304 - "http://localhost:8000/blog/allArtical" "Mozilla/5.0 (Windows NT 10.0; Win64; x64) AppleWebKit/537.36 (KHTML, like Gecko) Chrome/59.0.3071.115 Safari/537.36"
::1 - - [19/Jul/2017:05:42:49 +0000] "GET /allArtical?type=css HTTP/1.1" 304 - "http://localhost:8000/blog/allArtical" "Mozilla/5.0 (Windows NT 10.0; Win64; x64) AppleWebKit/537.36 (KHTML, like Gecko) Chrome/59.0.3071.115 Safari/537.36"
::1 - - [19/Jul/2017:05:42:50 +0000] "GET /allArtical?type=html HTTP/1.1" 304 - "http://localhost:8000/blog/allArtical" "Mozilla/5.0 (Windows NT 10.0; Win64; x64) AppleWebKit/537.36 (KHTML, like Gecko) Chrome/59.0.3071.115 Safari/537.36"
::1 - - [19/Jul/2017:05:46:12 +0000] "GET /allArtical HTTP/1.1" 304 - "http://localhost:8000/blog/allArtical" "Mozilla/5.0 (Windows NT 10.0; Win64; x64) AppleWebKit/537.36 (KHTML, like Gecko) Chrome/59.0.3071.115 Safari/537.36"
::1 - - [19/Jul/2017:05:46:15 +0000] "GET /allArtical?type=js HTTP/1.1" 304 - "http://localhost:8000/blog/allArtical" "Mozilla/5.0 (Windows NT 10.0; Win64; x64) AppleWebKit/537.36 (KHTML, like Gecko) Chrome/59.0.3071.115 Safari/537.36"
::1 - - [19/Jul/2017:05:46:16 +0000] "GET /allArtical?type=html HTTP/1.1" 304 - "http://localhost:8000/blog/allArtical" "Mozilla/5.0 (Windows NT 10.0; Win64; x64) AppleWebKit/537.36 (KHTML, like Gecko) Chrome/59.0.3071.115 Safari/537.36"
::1 - - [19/Jul/2017:05:46:37 +0000] "GET /allArtical HTTP/1.1" 304 - "http://localhost:8000/blog/allArtical" "Mozilla/5.0 (Windows NT 10.0; Win64; x64) AppleWebKit/537.36 (KHTML, like Gecko) Chrome/59.0.3071.115 Safari/537.36"
::1 - - [19/Jul/2017:05:46:39 +0000] "GET /allArtical?type=js HTTP/1.1" 304 - "http://localhost:8000/blog/allArtical" "Mozilla/5.0 (Windows NT 10.0; Win64; x64) AppleWebKit/537.36 (KHTML, like Gecko) Chrome/59.0.3071.115 Safari/537.36"
::1 - - [19/Jul/2017:05:46:41 +0000] "GET /allArtical?type=all HTTP/1.1" 304 - "http://localhost:8000/blog/allArtical" "Mozilla/5.0 (Windows NT 10.0; Win64; x64) AppleWebKit/537.36 (KHTML, like Gecko) Chrome/59.0.3071.115 Safari/537.36"
::1 - - [19/Jul/2017:05:46:59 +0000] "GET /allArtical?limit=5 HTTP/1.1" 304 - "http://localhost:8000/blog" "Mozilla/5.0 (Windows NT 10.0; Win64; x64) AppleWebKit/537.36 (KHTML, like Gecko) Chrome/59.0.3071.115 Safari/537.36"
::1 - - [19/Jul/2017:05:47:02 +0000] "GET /allArtical HTTP/1.1" 304 - "http://localhost:8000/blog/allArtical" "Mozilla/5.0 (Windows NT 10.0; Win64; x64) AppleWebKit/537.36 (KHTML, like Gecko) Chrome/59.0.3071.115 Safari/537.36"
::1 - - [19/Jul/2017:05:47:05 +0000] "GET /allArtical?type=html HTTP/1.1" 304 - "http://localhost:8000/blog/allArtical" "Mozilla/5.0 (Windows NT 10.0; Win64; x64) AppleWebKit/537.36 (KHTML, like Gecko) Chrome/59.0.3071.115 Safari/537.36"
