::1 - - [18/Jul/2017:05:15:19 +0000] "GET / HTTP/1.1" 200 170 "-" "Mozilla/5.0 (Windows NT 10.0; Win64; x64) AppleWebKit/537.36 (KHTML, like Gecko) Chrome/59.0.3071.115 Safari/537.36"
::1 - - [18/Jul/2017:05:15:19 +0000] "GET /stylesheets/style.css HTTP/1.1" 200 119 "http://localhost:3000/" "Mozilla/5.0 (Windows NT 10.0; Win64; x64) AppleWebKit/537.36 (KHTML, like Gecko) Chrome/59.0.3071.115 Safari/537.36"
::1 - - [18/Jul/2017:05:15:19 +0000] "GET /favicon.ico HTTP/1.1" 404 875 "http://localhost:3000/" "Mozilla/5.0 (Windows NT 10.0; Win64; x64) AppleWebKit/537.36 (KHTML, like Gecko) Chrome/59.0.3071.115 Safari/537.36"
::1 - - [18/Jul/2017:05:17:43 +0000] "GET /allArtical HTTP/1.1" 200 68 "-" "Mozilla/5.0 (Windows NT 10.0; Win64; x64) AppleWebKit/537.36 (KHTML, like Gecko) Chrome/59.0.3071.115 Safari/537.36"
::1 - - [18/Jul/2017:05:36:31 +0000] "GET /allArtical HTTP/1.1" 304 - "http://localhost:8000/blog" "Mozilla/5.0 (Windows NT 10.0; Win64; x64) AppleWebKit/537.36 (KHTML, like Gecko) Chrome/59.0.3071.115 Safari/537.36"
::1 - - [18/Jul/2017:05:37:06 +0000] "GET /allArtical HTTP/1.1" 304 - "http://localhost:8000/blog" "Mozilla/5.0 (Windows NT 10.0; Win64; x64) AppleWebKit/537.36 (KHTML, like Gecko) Chrome/59.0.3071.115 Safari/537.36"
::1 - - [18/Jul/2017:05:40:12 +0000] "GET /allArtical HTTP/1.1" 304 - "http://localhost:8000/blog" "Mozilla/5.0 (Windows NT 10.0; Win64; x64) AppleWebKit/537.36 (KHTML, like Gecko) Chrome/59.0.3071.115 Safari/537.36"
::1 - - [18/Jul/2017:05:46:13 +0000] "GET /allArtical HTTP/1.1" 304 - "http://localhost:8000/blog" "Mozilla/5.0 (Windows NT 10.0; Win64; x64) AppleWebKit/537.36 (KHTML, like Gecko) Chrome/59.0.3071.115 Safari/537.36"
::1 - - [18/Jul/2017:05:48:55 +0000] "GET /allArtical HTTP/1.1" 304 - "http://localhost:8000/blog" "Mozilla/5.0 (Windows NT 10.0; Win64; x64) AppleWebKit/537.36 (KHTML, like Gecko) Chrome/59.0.3071.115 Safari/537.36"
::1 - - [18/Jul/2017:05:49:04 +0000] "GET /allArtical HTTP/1.1" 304 - "http://localhost:8000/blog" "Mozilla/5.0 (Windows NT 10.0; Win64; x64) AppleWebKit/537.36 (KHTML, like Gecko) Chrome/59.0.3071.115 Safari/537.36"
::1 - - [18/Jul/2017:05:50:14 +0000] "GET /allArtical HTTP/1.1" 200 68 "http://localhost:8000/blog" "Mozilla/5.0 (Windows NT 10.0; Win64; x64) AppleWebKit/537.36 (KHTML, like Gecko) Chrome/59.0.3071.115 Safari/537.36"
::1 - - [18/Jul/2017:06:01:10 +0000] "GET /allArtical HTTP/1.1" 200 364 "http://localhost:8000/blog" "Mozilla/5.0 (Windows NT 10.0; Win64; x64) AppleWebKit/537.36 (KHTML, like Gecko) Chrome/59.0.3071.115 Safari/537.36"
::1 - - [18/Jul/2017:06:01:15 +0000] "GET /allArtical HTTP/1.1" 304 - "http://localhost:8000/blog" "Mozilla/5.0 (Windows NT 10.0; Win64; x64) AppleWebKit/537.36 (KHTML, like Gecko) Chrome/59.0.3071.115 Safari/537.36"
::1 - - [18/Jul/2017:06:01:17 +0000] "GET /allArtical HTTP/1.1" 304 - "http://localhost:8000/blog" "Mozilla/5.0 (Windows NT 10.0; Win64; x64) AppleWebKit/537.36 (KHTML, like Gecko) Chrome/59.0.3071.115 Safari/537.36"
::1 - - [18/Jul/2017:06:06:51 +0000] "GET /allArtical HTTP/1.1" 304 - "http://localhost:8000/blog" "Mozilla/5.0 (Windows NT 10.0; Win64; x64) AppleWebKit/537.36 (KHTML, like Gecko) Chrome/59.0.3071.115 Safari/537.36"
::1 - - [18/Jul/2017:06:06:54 +0000] "GET /allArtical HTTP/1.1" 304 - "http://localhost:8000/blog" "Mozilla/5.0 (Windows NT 10.0; Win64; x64) AppleWebKit/537.36 (KHTML, like Gecko) Chrome/59.0.3071.115 Safari/537.36"
::1 - - [18/Jul/2017:06:15:32 +0000] "GET /allArtical?limit=5 HTTP/1.1" 200 364 "http://localhost:8000/blog" "Mozilla/5.0 (Windows NT 10.0; Win64; x64) AppleWebKit/537.36 (KHTML, like Gecko) Chrome/59.0.3071.115 Safari/537.36"
::1 - - [18/Jul/2017:06:17:44 +0000] "GET /allArtical?limit=5 HTTP/1.1" 304 - "http://localhost:8000/blog" "Mozilla/5.0 (Windows NT 10.0; Win64; x64) AppleWebKit/537.36 (KHTML, like Gecko) Chrome/59.0.3071.115 Safari/537.36"
::1 - - [18/Jul/2017:06:18:43 +0000] "GET /allArtical HTTP/1.1" 304 - "http://localhost:8000/blog" "Mozilla/5.0 (Windows NT 10.0; Win64; x64) AppleWebKit/537.36 (KHTML, like Gecko) Chrome/59.0.3071.115 Safari/537.36"
::1 - - [18/Jul/2017:06:25:38 +0000] "GET /allArtical?limit=5 HTTP/1.1" 304 - "http://localhost:8000/blog" "Mozilla/5.0 (Windows NT 10.0; Win64; x64) AppleWebKit/537.36 (KHTML, like Gecko) Chrome/59.0.3071.115 Safari/537.36"
::1 - - [18/Jul/2017:06:26:17 +0000] "GET /allArtical?limit=5 HTTP/1.1" 304 - "http://localhost:8000/blog" "Mozilla/5.0 (Windows NT 10.0; Win64; x64) AppleWebKit/537.36 (KHTML, like Gecko) Chrome/59.0.3071.115 Safari/537.36"
::1 - - [18/Jul/2017:06:27:58 +0000] "GET /allArtical?limit=5 HTTP/1.1" 304 - "http://localhost:8000/blog" "Mozilla/5.0 (Windows NT 10.0; Win64; x64) AppleWebKit/537.36 (KHTML, like Gecko) Chrome/59.0.3071.115 Safari/537.36"
